{"timestamp":"2026-03-26T09:45:12.256984Z","level":"info","event":"DAG bundles loaded: dags-folder","logger":"airflow.dag_processing.bundles.manager.DagBundlesManager","filename":"manager.py","lineno":179}
{"timestamp":"2026-03-26T09:45:12.276437Z","level":"info","event":"Filling up the DagBag from /opt/airflow/dags/dbt_pipeline_dag.py","logger":"airflow.models.dagbag.BundleDagBag","filename":"dagbag.py","lineno":593}
{"timestamp":"2026-03-26T09:45:16.771057Z","level":"info","event":"Tmp dir root location: /tmp","logger":"airflow.task.hooks.airflow.providers.standard.hooks.subprocess.SubprocessHook","filename":"subprocess.py","lineno":78}
{"timestamp":"2026-03-26T09:45:16.834716Z","level":"info","event":"Running command: ['/usr/bin/bash', '-c', 'cd /opt/airflow/endtoend_airbnb_project && dbt run --profiles-dir .']","logger":"airflow.task.hooks.airflow.providers.standard.hooks.subprocess.SubprocessHook","filename":"subprocess.py","lineno":80}
{"timestamp":"2026-03-26T09:45:16.852237Z","level":"info","event":"Output:","logger":"airflow.task.hooks.airflow.providers.standard.hooks.subprocess.SubprocessHook","filename":"subprocess.py","lineno":92}
{"timestamp":"2026-03-26T09:45:22.672580Z","level":"info","event":"\u001b[0m09:45:22  Running with dbt=1.11.7","logger":"airflow.task.hooks.airflow.providers.standard.hooks.subprocess.SubprocessHook","filename":"subprocess.py","lineno":99}
{"timestamp":"2026-03-26T09:45:33.690587Z","level":"info","event":"\u001b[0m09:45:33  Registered adapter: snowflake=1.11.3","logger":"airflow.task.hooks.airflow.providers.standard.hooks.subprocess.SubprocessHook","filename":"subprocess.py","lineno":99}
{"timestamp":"2026-03-26T09:45:37.939010Z","level":"info","event":"\u001b[0m09:45:37  Unable to do partial parsing because an error occurred. Switching to full reparse.","logger":"airflow.task.hooks.airflow.providers.standard.hooks.subprocess.SubprocessHook","filename":"subprocess.py","lineno":99}
{"timestamp":"2026-03-26T09:45:44.621327Z","level":"info","event":"\u001b[0m09:45:44  [\u001b[33mWARNING\u001b[0m][MissingArgumentsPropertyInGenericTestDeprecation]: Deprecated","logger":"airflow.task.hooks.airflow.providers.standard.hooks.subprocess.SubprocessHook","filename":"subprocess.py","lineno":99}
{"timestamp":"2026-03-26T09:45:44.628659Z","level":"info","event":"functionality","logger":"airflow.task.hooks.airflow.providers.standard.hooks.subprocess.SubprocessHook","filename":"subprocess.py","lineno":99}
{"timestamp":"2026-03-26T09:45:44.630185Z","level":"info","event":"Found top-level arguments to test `relationships` defined on 'bronze_bookings'","logger":"airflow.task.hooks.airflow.providers.standard.hooks.subprocess.SubprocessHook","filename":"subprocess.py","lineno":99}
{"timestamp":"2026-03-26T09:45:44.630971Z","level":"info","event":"in package 'endtoend_airbnb_project' (models/bronze/bronze_properties.yml).","logger":"airflow.task.hooks.airflow.providers.standard.hooks.subprocess.SubprocessHook","filename":"subprocess.py","lineno":99}
{"timestamp":"2026-03-26T09:45:44.631435Z","level":"info","event":"Arguments to generic tests should be nested under the `arguments` property.","logger":"airflow.task.hooks.airflow.providers.standard.hooks.subprocess.SubprocessHook","filename":"subprocess.py","lineno":99}
{"timestamp":"2026-03-26T09:45:50.082259Z","level":"info","event":"\u001b[0m09:45:50  Found 11 models, 13 data tests, 3 snapshots, 3 sources, 639 macros","logger":"airflow.task.hooks.airflow.providers.standard.hooks.subprocess.SubprocessHook","filename":"subprocess.py","lineno":99}
{"timestamp":"2026-03-26T09:45:50.218093Z","level":"info","event":"\u001b[0m09:45:50","logger":"airflow.task.hooks.airflow.providers.standard.hooks.subprocess.SubprocessHook","filename":"subprocess.py","lineno":99}
{"timestamp":"2026-03-26T09:45:50.228425Z","level":"info","event":"\u001b[0m09:45:50  Concurrency: 1 threads (target='dev')","logger":"airflow.task.hooks.airflow.providers.standard.hooks.subprocess.SubprocessHook","filename":"subprocess.py","lineno":99}
{"timestamp":"2026-03-26T09:45:50.237774Z","level":"info","event":"\u001b[0m09:45:50","logger":"airflow.task.hooks.airflow.providers.standard.hooks.subprocess.SubprocessHook","filename":"subprocess.py","lineno":99}
{"timestamp":"2026-03-26T09:46:06.011879Z","level":"info","event":"\u001b[0m09:46:06  1 of 8 START sql incremental model bronze.bronze_bookings ...................... [RUN]","logger":"airflow.task.hooks.airflow.providers.standard.hooks.subprocess.SubprocessHook","filename":"subprocess.py","lineno":99}
{"timestamp":"2026-03-26T09:46:10.433967Z","level":"info","event":"\u001b[0m09:46:10  1 of 8 OK created sql incremental model bronze.bronze_bookings ................. [\u001b[32mSUCCESS 5000\u001b[0m in 4.41s]","logger":"airflow.task.hooks.airflow.providers.standard.hooks.subprocess.SubprocessHook","filename":"subprocess.py","lineno":99}
{"timestamp":"2026-03-26T09:46:10.440886Z","level":"info","event":"\u001b[0m09:46:10  2 of 8 START sql incremental model bronze.bronze_hosts ......................... [RUN]","logger":"airflow.task.hooks.airflow.providers.standard.hooks.subprocess.SubprocessHook","filename":"subprocess.py","lineno":99}
{"timestamp":"2026-03-26T09:46:12.908948Z","level":"info","event":"\u001b[0m09:46:12  2 of 8 OK created sql incremental model bronze.bronze_hosts .................... [\u001b[32mSUCCESS 200\u001b[0m in 2.46s]","logger":"airflow.task.hooks.airflow.providers.standard.hooks.subprocess.SubprocessHook","filename":"subprocess.py","lineno":99}
{"timestamp":"2026-03-26T09:46:12.922956Z","level":"info","event":"\u001b[0m09:46:12  3 of 8 START sql incremental model bronze.bronze_listings ...................... [RUN]","logger":"airflow.task.hooks.airflow.providers.standard.hooks.subprocess.SubprocessHook","filename":"subprocess.py","lineno":99}
{"timestamp":"2026-03-26T09:46:15.821536Z","level":"info","event":"\u001b[0m09:46:15  3 of 8 OK created sql incremental model bronze.bronze_listings ................. [\u001b[32mSUCCESS 500\u001b[0m in 2.89s]","logger":"airflow.task.hooks.airflow.providers.standard.hooks.subprocess.SubprocessHook","filename":"subprocess.py","lineno":99}
{"timestamp":"2026-03-26T09:46:15.829750Z","level":"info","event":"\u001b[0m09:46:15  4 of 8 START sql incremental model silver.silver_bookings ...................... [RUN]","logger":"airflow.task.hooks.airflow.providers.standard.hooks.subprocess.SubprocessHook","filename":"subprocess.py","lineno":99}
{"timestamp":"2026-03-26T09:46:16.423654Z","level":"info","event":"\u001b[0m09:46:16  4 of 8 OK created sql incremental model silver.silver_bookings ................. [\u001b[32mSUCCESS 5000\u001b[0m in 0.58s]","logger":"airflow.task.hooks.airflow.providers.standard.hooks.subprocess.SubprocessHook","filename":"subprocess.py","lineno":99}
{"timestamp":"2026-03-26T09:46:16.441194Z","level":"info","event":"\u001b[0m09:46:16  5 of 8 START sql incremental model silver.silver_hosts ......................... [RUN]","logger":"airflow.task.hooks.airflow.providers.standard.hooks.subprocess.SubprocessHook","filename":"subprocess.py","lineno":99}
{"timestamp":"2026-03-26T09:46:19.007216Z","level":"info","event":"\u001b[0m09:46:19  5 of 8 OK created sql incremental model silver.silver_hosts .................... [\u001b[32mSUCCESS 200\u001b[0m in 2.55s]","logger":"airflow.task.hooks.airflow.providers.standard.hooks.subprocess.SubprocessHook","filename":"subprocess.py","lineno":99}
{"timestamp":"2026-03-26T09:46:19.021762Z","level":"info","event":"\u001b[0m09:46:19  6 of 8 START sql incremental model silver.silver_listings ...................... [RUN]","logger":"airflow.task.hooks.airflow.providers.standard.hooks.subprocess.SubprocessHook","filename":"subprocess.py","lineno":99}
{"timestamp":"2026-03-26T09:46:21.958759Z","level":"info","event":"\u001b[0m09:46:21  6 of 8 OK created sql incremental model silver.silver_listings ................. [\u001b[32mSUCCESS 500\u001b[0m in 2.90s]","logger":"airflow.task.hooks.airflow.providers.standard.hooks.subprocess.SubprocessHook","filename":"subprocess.py","lineno":99}
{"timestamp":"2026-03-26T09:46:21.998310Z","level":"info","event":"\u001b[0m09:46:21  7 of 8 START sql table model gold.obt .......................................... [RUN]","logger":"airflow.task.hooks.airflow.providers.standard.hooks.subprocess.SubprocessHook","filename":"subprocess.py","lineno":99}
{"timestamp":"2026-03-26T09:46:23.678234Z","level":"info","event":"\u001b[0m09:46:23  7 of 8 OK created sql table model gold.obt ..................................... [\u001b[32mSUCCESS 5000\u001b[0m in 1.66s]","logger":"airflow.task.hooks.airflow.providers.standard.hooks.subprocess.SubprocessHook","filename":"subprocess.py","lineno":99}
{"timestamp":"2026-03-26T09:46:23.983353Z","level":"info","event":"\u001b[0m09:46:23  8 of 8 START sql table model gold.fact ......................................... [RUN]","logger":"airflow.task.hooks.airflow.providers.standard.hooks.subprocess.SubprocessHook","filename":"subprocess.py","lineno":99}
{"timestamp":"2026-03-26T09:46:25.540997Z","level":"info","event":"\u001b[0m09:46:25  8 of 8 OK created sql table model gold.fact .................................... [\u001b[32mSUCCESS 5000\u001b[0m in 1.55s]","logger":"airflow.task.hooks.airflow.providers.standard.hooks.subprocess.SubprocessHook","filename":"subprocess.py","lineno":99}
{"timestamp":"2026-03-26T09:46:26.065633Z","level":"info","event":"\u001b[0m09:46:26","logger":"airflow.task.hooks.airflow.providers.standard.hooks.subprocess.SubprocessHook","filename":"subprocess.py","lineno":99}
{"timestamp":"2026-03-26T09:46:26.070056Z","level":"info","event":"\u001b[0m09:46:26  Finished running 6 incremental models, 2 table models in 0 hours 0 minutes and 35.81 seconds (35.81s).","logger":"airflow.task.hooks.airflow.providers.standard.hooks.subprocess.SubprocessHook","filename":"subprocess.py","lineno":99}
{"timestamp":"2026-03-26T09:46:26.601513Z","level":"info","event":"\u001b[0m09:46:26","logger":"airflow.task.hooks.airflow.providers.standard.hooks.subprocess.SubprocessHook","filename":"subprocess.py","lineno":99}
{"timestamp":"2026-03-26T09:46:26.605221Z","level":"info","event":"\u001b[0m09:46:26  \u001b[32mCompleted successfully\u001b[0m","logger":"airflow.task.hooks.airflow.providers.standard.hooks.subprocess.SubprocessHook","filename":"subprocess.py","lineno":99}
{"timestamp":"2026-03-26T09:46:26.606558Z","level":"info","event":"\u001b[0m09:46:26","logger":"airflow.task.hooks.airflow.providers.standard.hooks.subprocess.SubprocessHook","filename":"subprocess.py","lineno":99}
{"timestamp":"2026-03-26T09:46:26.610077Z","level":"info","event":"\u001b[0m09:46:26  Done. PASS=8 WARN=0 ERROR=0 SKIP=0 NO-OP=0 TOTAL=8","logger":"airflow.task.hooks.airflow.providers.standard.hooks.subprocess.SubprocessHook","filename":"subprocess.py","lineno":99}
{"timestamp":"2026-03-26T09:46:26.627285Z","level":"info","event":"\u001b[0m09:46:26  [\u001b[33mWARNING\u001b[0m][DeprecationsSummary]: Deprecated functionality","logger":"airflow.task.hooks.airflow.providers.standard.hooks.subprocess.SubprocessHook","filename":"subprocess.py","lineno":99}
{"timestamp":"2026-03-26T09:46:26.628645Z","level":"info","event":"Summary of encountered deprecations:","logger":"airflow.task.hooks.airflow.providers.standard.hooks.subprocess.SubprocessHook","filename":"subprocess.py","lineno":99}
{"timestamp":"2026-03-26T09:46:26.629621Z","level":"info","event":"- MissingArgumentsPropertyInGenericTestDeprecation: 3 occurrences","logger":"airflow.task.hooks.airflow.providers.standard.hooks.subprocess.SubprocessHook","filename":"subprocess.py","lineno":99}
{"timestamp":"2026-03-26T09:46:26.629885Z","level":"info","event":"To see all deprecation instances instead of just the first occurrence of each,","logger":"airflow.task.hooks.airflow.providers.standard.hooks.subprocess.SubprocessHook","filename":"subprocess.py","lineno":99}
{"timestamp":"2026-03-26T09:46:26.630321Z","level":"info","event":"run command again with the `--show-all-deprecations` flag. You may also need to","logger":"airflow.task.hooks.airflow.providers.standard.hooks.subprocess.SubprocessHook","filename":"subprocess.py","lineno":99}
{"timestamp":"2026-03-26T09:46:26.630649Z","level":"info","event":"run with `--no-partial-parse` as some deprecations are only encountered during","logger":"airflow.task.hooks.airflow.providers.standard.hooks.subprocess.SubprocessHook","filename":"subprocess.py","lineno":99}
{"timestamp":"2026-03-26T09:46:26.630710Z","level":"info","event":"parsing.","logger":"airflow.task.hooks.airflow.providers.standard.hooks.subprocess.SubprocessHook","filename":"subprocess.py","lineno":99}
{"timestamp":"2026-03-26T09:46:37.214355Z","level":"info","event":"Command exited with return code 0","logger":"airflow.task.hooks.airflow.providers.standard.hooks.subprocess.SubprocessHook","filename":"subprocess.py","lineno":103}
{"timestamp":"2026-03-26T09:46:37.334975Z","level":"info","event":"Pushing xcom","ti":"RuntimeTaskInstance(id=UUID('019d2987-86b5-70e1-973f-49289896e29c'), task_id='dbt_run_task', dag_id='airbnb_dbt_pipeline', run_id='scheduled__2026-03-21T00:00:00+00:00', try_number=1, dag_version_id=UUID('019d0c82-6d39-722f-908f-86fe4712c1d7'), map_index=-1, hostname='20705fbeb43f', context_carrier={}, task=<Task(_BashDecoratedOperator): dbt_run_task>, bundle_instance=LocalDagBundle(name=dags-folder), max_tries=0, start_date=datetime.datetime(2026, 3, 26, 9, 44, 55, 138658, tzinfo=datetime.timezone.utc), end_date=None, state=<TaskInstanceState.RUNNING: 'running'>, is_mapped=False, rendered_map_index=None)","logger":"task","filename":"task_runner.py","lineno":1522}
