{"timestamp":"2026-03-20T18:30:21.698132Z","level":"info","event":"DAG bundles loaded: dags-folder","logger":"airflow.dag_processing.bundles.manager.DagBundlesManager","filename":"manager.py","lineno":179}
{"timestamp":"2026-03-20T18:30:21.702145Z","level":"info","event":"Filling up the DagBag from /opt/airflow/dags/dbt_pipeline_dag.py","logger":"airflow.models.dagbag.BundleDagBag","filename":"dagbag.py","lineno":593}
{"timestamp":"2026-03-20T18:30:21.787942Z","level":"info","event":"Tmp dir root location: /tmp","logger":"airflow.task.hooks.airflow.providers.standard.hooks.subprocess.SubprocessHook","filename":"subprocess.py","lineno":78}
{"timestamp":"2026-03-20T18:30:21.789960Z","level":"info","event":"Running command: ['/usr/bin/bash', '-c', 'cd /opt/airflow/endtoend_airbnb_project && dbt snapshot --profiles-dir .']","logger":"airflow.task.hooks.airflow.providers.standard.hooks.subprocess.SubprocessHook","filename":"subprocess.py","lineno":80}
{"timestamp":"2026-03-20T18:30:21.791071Z","level":"info","event":"Output:","logger":"airflow.task.hooks.airflow.providers.standard.hooks.subprocess.SubprocessHook","filename":"subprocess.py","lineno":92}
{"timestamp":"2026-03-20T18:30:25.757742Z","level":"info","event":"\u001b[0m18:30:25  Running with dbt=1.11.7","logger":"airflow.task.hooks.airflow.providers.standard.hooks.subprocess.SubprocessHook","filename":"subprocess.py","lineno":99}
{"timestamp":"2026-03-20T18:30:27.735725Z","level":"info","event":"\u001b[0m18:30:27  Registered adapter: snowflake=1.11.3","logger":"airflow.task.hooks.airflow.providers.standard.hooks.subprocess.SubprocessHook","filename":"subprocess.py","lineno":99}
{"timestamp":"2026-03-20T18:30:30.596762Z","level":"info","event":"\u001b[0m18:30:30  Found 11 models, 13 data tests, 3 snapshots, 3 sources, 639 macros","logger":"airflow.task.hooks.airflow.providers.standard.hooks.subprocess.SubprocessHook","filename":"subprocess.py","lineno":99}
{"timestamp":"2026-03-20T18:30:30.604393Z","level":"info","event":"\u001b[0m18:30:30","logger":"airflow.task.hooks.airflow.providers.standard.hooks.subprocess.SubprocessHook","filename":"subprocess.py","lineno":99}
{"timestamp":"2026-03-20T18:30:30.605803Z","level":"info","event":"\u001b[0m18:30:30  Concurrency: 1 threads (target='dev')","logger":"airflow.task.hooks.airflow.providers.standard.hooks.subprocess.SubprocessHook","filename":"subprocess.py","lineno":99}
{"timestamp":"2026-03-20T18:30:30.606848Z","level":"info","event":"\u001b[0m18:30:30","logger":"airflow.task.hooks.airflow.providers.standard.hooks.subprocess.SubprocessHook","filename":"subprocess.py","lineno":99}
{"timestamp":"2026-03-20T18:30:32.073816Z","level":"info","event":"\u001b[0m18:30:32  1 of 3 START snapshot gold.dim_bookings ........................................ [RUN]","logger":"airflow.task.hooks.airflow.providers.standard.hooks.subprocess.SubprocessHook","filename":"subprocess.py","lineno":99}
{"timestamp":"2026-03-20T18:30:35.861492Z","level":"info","event":"\u001b[0m18:30:35  1 of 3 OK snapshotted gold.dim_bookings ........................................ [\u001b[32mSUCCESS 0\u001b[0m in 3.78s]","logger":"airflow.task.hooks.airflow.providers.standard.hooks.subprocess.SubprocessHook","filename":"subprocess.py","lineno":99}
{"timestamp":"2026-03-20T18:30:35.864881Z","level":"info","event":"\u001b[0m18:30:35  2 of 3 START snapshot gold.dim_hosts ........................................... [RUN]","logger":"airflow.task.hooks.airflow.providers.standard.hooks.subprocess.SubprocessHook","filename":"subprocess.py","lineno":99}
{"timestamp":"2026-03-20T18:30:39.164197Z","level":"info","event":"\u001b[0m18:30:39  2 of 3 OK snapshotted gold.dim_hosts ........................................... [\u001b[32mSUCCESS 0\u001b[0m in 3.30s]","logger":"airflow.task.hooks.airflow.providers.standard.hooks.subprocess.SubprocessHook","filename":"subprocess.py","lineno":99}
{"timestamp":"2026-03-20T18:30:39.171129Z","level":"info","event":"\u001b[0m18:30:39  3 of 3 START snapshot gold.dim_listings ........................................ [RUN]","logger":"airflow.task.hooks.airflow.providers.standard.hooks.subprocess.SubprocessHook","filename":"subprocess.py","lineno":99}
{"timestamp":"2026-03-20T18:30:43.448106Z","level":"info","event":"\u001b[0m18:30:43  3 of 3 OK snapshotted gold.dim_listings ........................................ [\u001b[32mSUCCESS 0\u001b[0m in 4.27s]","logger":"airflow.task.hooks.airflow.providers.standard.hooks.subprocess.SubprocessHook","filename":"subprocess.py","lineno":99}
{"timestamp":"2026-03-20T18:30:43.942231Z","level":"info","event":"\u001b[0m18:30:43","logger":"airflow.task.hooks.airflow.providers.standard.hooks.subprocess.SubprocessHook","filename":"subprocess.py","lineno":99}
{"timestamp":"2026-03-20T18:30:43.944346Z","level":"info","event":"\u001b[0m18:30:43  Finished running 3 snapshots in 0 hours 0 minutes and 13.33 seconds (13.33s).","logger":"airflow.task.hooks.airflow.providers.standard.hooks.subprocess.SubprocessHook","filename":"subprocess.py","lineno":99}
{"timestamp":"2026-03-20T18:30:44.190309Z","level":"info","event":"\u001b[0m18:30:44","logger":"airflow.task.hooks.airflow.providers.standard.hooks.subprocess.SubprocessHook","filename":"subprocess.py","lineno":99}
{"timestamp":"2026-03-20T18:30:44.192403Z","level":"info","event":"\u001b[0m18:30:44  \u001b[32mCompleted successfully\u001b[0m","logger":"airflow.task.hooks.airflow.providers.standard.hooks.subprocess.SubprocessHook","filename":"subprocess.py","lineno":99}
{"timestamp":"2026-03-20T18:30:44.194215Z","level":"info","event":"\u001b[0m18:30:44","logger":"airflow.task.hooks.airflow.providers.standard.hooks.subprocess.SubprocessHook","filename":"subprocess.py","lineno":99}
{"timestamp":"2026-03-20T18:30:44.195917Z","level":"info","event":"\u001b[0m18:30:44  Done. PASS=3 WARN=0 ERROR=0 SKIP=0 NO-OP=0 TOTAL=3","logger":"airflow.task.hooks.airflow.providers.standard.hooks.subprocess.SubprocessHook","filename":"subprocess.py","lineno":99}
{"timestamp":"2026-03-20T18:30:46.289307Z","level":"info","event":"Command exited with return code 0","logger":"airflow.task.hooks.airflow.providers.standard.hooks.subprocess.SubprocessHook","filename":"subprocess.py","lineno":103}
{"timestamp":"2026-03-20T18:30:46.292171Z","level":"info","event":"Pushing xcom","ti":"RuntimeTaskInstance(id=UUID('019d0c82-713d-7cea-90f4-0e0f9c35ed06'), task_id='dbt_snapshot_task', dag_id='airbnb_dbt_pipeline', run_id='scheduled__2026-03-20T00:00:00+00:00', try_number=1, dag_version_id=UUID('019d0c82-6d39-722f-908f-86fe4712c1d7'), map_index=-1, hostname='20705fbeb43f', context_carrier={}, task=<Task(_BashDecoratedOperator): dbt_snapshot_task>, bundle_instance=LocalDagBundle(name=dags-folder), max_tries=0, start_date=datetime.datetime(2026, 3, 20, 18, 30, 21, 607355, tzinfo=datetime.timezone.utc), end_date=None, state=<TaskInstanceState.RUNNING: 'running'>, is_mapped=False, rendered_map_index=None)","logger":"task","filename":"task_runner.py","lineno":1522}
