{"timestamp":"2026-03-20T18:30:09.308243Z","level":"info","event":"DAG bundles loaded: dags-folder","logger":"airflow.dag_processing.bundles.manager.DagBundlesManager","filename":"manager.py","lineno":179}
{"timestamp":"2026-03-20T18:30:09.318835Z","level":"info","event":"Filling up the DagBag from /opt/airflow/dags/dbt_pipeline_dag.py","logger":"airflow.models.dagbag.BundleDagBag","filename":"dagbag.py","lineno":593}
{"timestamp":"2026-03-20T18:30:09.548140Z","level":"info","event":"Tmp dir root location: /tmp","logger":"airflow.task.hooks.airflow.providers.standard.hooks.subprocess.SubprocessHook","filename":"subprocess.py","lineno":78}
{"timestamp":"2026-03-20T18:30:09.553665Z","level":"info","event":"Running command: ['/usr/bin/bash', '-c', 'cd /opt/airflow/endtoend_airbnb_project && dbt run --profiles-dir .']","logger":"airflow.task.hooks.airflow.providers.standard.hooks.subprocess.SubprocessHook","filename":"subprocess.py","lineno":80}
{"timestamp":"2026-03-20T18:30:09.555446Z","level":"info","event":"Output:","logger":"airflow.task.hooks.airflow.providers.standard.hooks.subprocess.SubprocessHook","filename":"subprocess.py","lineno":92}
{"timestamp":"2026-03-20T18:30:14.286459Z","level":"info","event":"\u001b[0m18:30:14  Running with dbt=1.11.7","logger":"airflow.task.hooks.airflow.providers.standard.hooks.subprocess.SubprocessHook","filename":"subprocess.py","lineno":99}
{"timestamp":"2026-03-20T18:30:17.611399Z","level":"info","event":"\u001b[0m18:30:17  Registered adapter: snowflake=1.11.3","logger":"airflow.task.hooks.airflow.providers.standard.hooks.subprocess.SubprocessHook","filename":"subprocess.py","lineno":99}
{"timestamp":"2026-03-20T18:30:21.706234Z","level":"info","event":"\u001b[0m18:30:21  Found 11 models, 13 data tests, 3 snapshots, 3 sources, 639 macros","logger":"airflow.task.hooks.airflow.providers.standard.hooks.subprocess.SubprocessHook","filename":"subprocess.py","lineno":99}
{"timestamp":"2026-03-20T18:30:21.718810Z","level":"info","event":"\u001b[0m18:30:21","logger":"airflow.task.hooks.airflow.providers.standard.hooks.subprocess.SubprocessHook","filename":"subprocess.py","lineno":99}
{"timestamp":"2026-03-20T18:30:21.720748Z","level":"info","event":"\u001b[0m18:30:21  Concurrency: 1 threads (target='dev')","logger":"airflow.task.hooks.airflow.providers.standard.hooks.subprocess.SubprocessHook","filename":"subprocess.py","lineno":99}
{"timestamp":"2026-03-20T18:30:21.722076Z","level":"info","event":"\u001b[0m18:30:21","logger":"airflow.task.hooks.airflow.providers.standard.hooks.subprocess.SubprocessHook","filename":"subprocess.py","lineno":99}
{"timestamp":"2026-03-20T18:30:24.293323Z","level":"info","event":"\u001b[0m18:30:24  1 of 8 START sql incremental model bronze.bronze_bookings ...................... [RUN]","logger":"airflow.task.hooks.airflow.providers.standard.hooks.subprocess.SubprocessHook","filename":"subprocess.py","lineno":99}
{"timestamp":"2026-03-20T18:30:27.937355Z","level":"info","event":"\u001b[0m18:30:27  1 of 8 OK created sql incremental model bronze.bronze_bookings ................. [\u001b[32mSUCCESS 5000\u001b[0m in 3.63s]","logger":"airflow.task.hooks.airflow.providers.standard.hooks.subprocess.SubprocessHook","filename":"subprocess.py","lineno":99}
{"timestamp":"2026-03-20T18:30:27.944538Z","level":"info","event":"\u001b[0m18:30:27  2 of 8 START sql incremental model bronze.bronze_hosts ......................... [RUN]","logger":"airflow.task.hooks.airflow.providers.standard.hooks.subprocess.SubprocessHook","filename":"subprocess.py","lineno":99}
{"timestamp":"2026-03-20T18:30:30.933589Z","level":"info","event":"\u001b[0m18:30:30  2 of 8 OK created sql incremental model bronze.bronze_hosts .................... [\u001b[32mSUCCESS 200\u001b[0m in 2.98s]","logger":"airflow.task.hooks.airflow.providers.standard.hooks.subprocess.SubprocessHook","filename":"subprocess.py","lineno":99}
{"timestamp":"2026-03-20T18:30:30.939100Z","level":"info","event":"\u001b[0m18:30:30  3 of 8 START sql incremental model bronze.bronze_listings ...................... [RUN]","logger":"airflow.task.hooks.airflow.providers.standard.hooks.subprocess.SubprocessHook","filename":"subprocess.py","lineno":99}
{"timestamp":"2026-03-20T18:30:31.057381Z","level":"info","event":"\u001b[0m18:30:31  3 of 8 OK created sql incremental model bronze.bronze_listings ................. [\u001b[32mSUCCESS 500\u001b[0m in 0.11s]","logger":"airflow.task.hooks.airflow.providers.standard.hooks.subprocess.SubprocessHook","filename":"subprocess.py","lineno":99}
{"timestamp":"2026-03-20T18:30:31.062263Z","level":"info","event":"\u001b[0m18:30:31  4 of 8 START sql incremental model silver.silver_bookings ...................... [RUN]","logger":"airflow.task.hooks.airflow.providers.standard.hooks.subprocess.SubprocessHook","filename":"subprocess.py","lineno":99}
{"timestamp":"2026-03-20T18:30:33.512996Z","level":"info","event":"\u001b[0m18:30:33  4 of 8 OK created sql incremental model silver.silver_bookings ................. [\u001b[32mSUCCESS 5000\u001b[0m in 2.45s]","logger":"airflow.task.hooks.airflow.providers.standard.hooks.subprocess.SubprocessHook","filename":"subprocess.py","lineno":99}
{"timestamp":"2026-03-20T18:30:33.518208Z","level":"info","event":"\u001b[0m18:30:33  5 of 8 START sql incremental model silver.silver_hosts ......................... [RUN]","logger":"airflow.task.hooks.airflow.providers.standard.hooks.subprocess.SubprocessHook","filename":"subprocess.py","lineno":99}
{"timestamp":"2026-03-20T18:30:35.721610Z","level":"info","event":"\u001b[0m18:30:35  5 of 8 OK created sql incremental model silver.silver_hosts .................... [\u001b[32mSUCCESS 200\u001b[0m in 2.19s]","logger":"airflow.task.hooks.airflow.providers.standard.hooks.subprocess.SubprocessHook","filename":"subprocess.py","lineno":99}
{"timestamp":"2026-03-20T18:30:35.730288Z","level":"info","event":"\u001b[0m18:30:35  6 of 8 START sql incremental model silver.silver_listings ...................... [RUN]","logger":"airflow.task.hooks.airflow.providers.standard.hooks.subprocess.SubprocessHook","filename":"subprocess.py","lineno":99}
{"timestamp":"2026-03-20T18:30:37.946524Z","level":"info","event":"\u001b[0m18:30:37  6 of 8 OK created sql incremental model silver.silver_listings ................. [\u001b[32mSUCCESS 500\u001b[0m in 2.21s]","logger":"airflow.task.hooks.airflow.providers.standard.hooks.subprocess.SubprocessHook","filename":"subprocess.py","lineno":99}
{"timestamp":"2026-03-20T18:30:37.955573Z","level":"info","event":"\u001b[0m18:30:37  7 of 8 START sql table model gold.obt .......................................... [RUN]","logger":"airflow.task.hooks.airflow.providers.standard.hooks.subprocess.SubprocessHook","filename":"subprocess.py","lineno":99}
{"timestamp":"2026-03-20T18:30:39.169009Z","level":"info","event":"\u001b[0m18:30:39  7 of 8 OK created sql table model gold.obt ..................................... [\u001b[32mSUCCESS 5000\u001b[0m in 1.21s]","logger":"airflow.task.hooks.airflow.providers.standard.hooks.subprocess.SubprocessHook","filename":"subprocess.py","lineno":99}
{"timestamp":"2026-03-20T18:30:39.310195Z","level":"info","event":"\u001b[0m18:30:39  8 of 8 START sql table model gold.fact ......................................... [RUN]","logger":"airflow.task.hooks.airflow.providers.standard.hooks.subprocess.SubprocessHook","filename":"subprocess.py","lineno":99}
{"timestamp":"2026-03-20T18:30:40.308824Z","level":"info","event":"\u001b[0m18:30:40  8 of 8 OK created sql table model gold.fact .................................... [\u001b[32mSUCCESS 5000\u001b[0m in 0.99s]","logger":"airflow.task.hooks.airflow.providers.standard.hooks.subprocess.SubprocessHook","filename":"subprocess.py","lineno":99}
{"timestamp":"2026-03-20T18:30:41.543186Z","level":"info","event":"\u001b[0m18:30:41","logger":"airflow.task.hooks.airflow.providers.standard.hooks.subprocess.SubprocessHook","filename":"subprocess.py","lineno":99}
{"timestamp":"2026-03-20T18:30:41.544978Z","level":"info","event":"\u001b[0m18:30:41  Finished running 6 incremental models, 2 table models in 0 hours 0 minutes and 19.82 seconds (19.82s).","logger":"airflow.task.hooks.airflow.providers.standard.hooks.subprocess.SubprocessHook","filename":"subprocess.py","lineno":99}
{"timestamp":"2026-03-20T18:30:41.695758Z","level":"info","event":"\u001b[0m18:30:41","logger":"airflow.task.hooks.airflow.providers.standard.hooks.subprocess.SubprocessHook","filename":"subprocess.py","lineno":99}
{"timestamp":"2026-03-20T18:30:41.697009Z","level":"info","event":"\u001b[0m18:30:41  \u001b[32mCompleted successfully\u001b[0m","logger":"airflow.task.hooks.airflow.providers.standard.hooks.subprocess.SubprocessHook","filename":"subprocess.py","lineno":99}
{"timestamp":"2026-03-20T18:30:41.698307Z","level":"info","event":"\u001b[0m18:30:41","logger":"airflow.task.hooks.airflow.providers.standard.hooks.subprocess.SubprocessHook","filename":"subprocess.py","lineno":99}
{"timestamp":"2026-03-20T18:30:41.699372Z","level":"info","event":"\u001b[0m18:30:41  Done. PASS=8 WARN=0 ERROR=0 SKIP=0 NO-OP=0 TOTAL=8","logger":"airflow.task.hooks.airflow.providers.standard.hooks.subprocess.SubprocessHook","filename":"subprocess.py","lineno":99}
{"timestamp":"2026-03-20T18:30:44.229613Z","level":"info","event":"Command exited with return code 0","logger":"airflow.task.hooks.airflow.providers.standard.hooks.subprocess.SubprocessHook","filename":"subprocess.py","lineno":103}
{"timestamp":"2026-03-20T18:30:44.237273Z","level":"info","event":"Pushing xcom","ti":"RuntimeTaskInstance(id=UUID('019d0c83-061c-7b46-a64a-5e4a2c500ac5'), task_id='dbt_run_task', dag_id='airbnb_dbt_pipeline', run_id='manual__2026-03-20T18:30:06.554480+00:00', try_number=1, dag_version_id=UUID('019d0c82-6d39-722f-908f-86fe4712c1d7'), map_index=-1, hostname='20705fbeb43f', context_carrier={}, task=<Task(_BashDecoratedOperator): dbt_run_task>, bundle_instance=LocalDagBundle(name=dags-folder), max_tries=0, start_date=datetime.datetime(2026, 3, 20, 18, 30, 9, 22117, tzinfo=datetime.timezone.utc), end_date=None, state=<TaskInstanceState.RUNNING: 'running'>, is_mapped=False, rendered_map_index=None)","logger":"task","filename":"task_runner.py","lineno":1522}
