{"timestamp":"2026-03-26T09:45:12.259603Z","level":"info","event":"DAG bundles loaded: dags-folder","logger":"airflow.dag_processing.bundles.manager.DagBundlesManager","filename":"manager.py","lineno":179}
{"timestamp":"2026-03-26T09:45:12.284335Z","level":"info","event":"Filling up the DagBag from /opt/airflow/dags/dbt_pipeline_dag.py","logger":"airflow.models.dagbag.BundleDagBag","filename":"dagbag.py","lineno":593}
{"timestamp":"2026-03-26T09:45:16.785646Z","level":"info","event":"Tmp dir root location: /tmp","logger":"airflow.task.hooks.airflow.providers.standard.hooks.subprocess.SubprocessHook","filename":"subprocess.py","lineno":78}
{"timestamp":"2026-03-26T09:45:16.835394Z","level":"info","event":"Running command: ['/usr/bin/bash', '-c', 'cd /opt/airflow/endtoend_airbnb_project && dbt run --profiles-dir .']","logger":"airflow.task.hooks.airflow.providers.standard.hooks.subprocess.SubprocessHook","filename":"subprocess.py","lineno":80}
{"timestamp":"2026-03-26T09:45:16.992881Z","level":"info","event":"Output:","logger":"airflow.task.hooks.airflow.providers.standard.hooks.subprocess.SubprocessHook","filename":"subprocess.py","lineno":92}
{"timestamp":"2026-03-26T09:45:22.671896Z","level":"info","event":"\u001b[0m09:45:22  Running with dbt=1.11.7","logger":"airflow.task.hooks.airflow.providers.standard.hooks.subprocess.SubprocessHook","filename":"subprocess.py","lineno":99}
{"timestamp":"2026-03-26T09:45:33.693658Z","level":"info","event":"\u001b[0m09:45:33  Registered adapter: snowflake=1.11.3","logger":"airflow.task.hooks.airflow.providers.standard.hooks.subprocess.SubprocessHook","filename":"subprocess.py","lineno":99}
{"timestamp":"2026-03-26T09:45:37.962619Z","level":"info","event":"\u001b[0m09:45:37  Unable to do partial parsing because an error occurred. Switching to full reparse.","logger":"airflow.task.hooks.airflow.providers.standard.hooks.subprocess.SubprocessHook","filename":"subprocess.py","lineno":99}
{"timestamp":"2026-03-26T09:45:44.499969Z","level":"info","event":"\u001b[0m09:45:44  [\u001b[33mWARNING\u001b[0m][MissingArgumentsPropertyInGenericTestDeprecation]: Deprecated","logger":"airflow.task.hooks.airflow.providers.standard.hooks.subprocess.SubprocessHook","filename":"subprocess.py","lineno":99}
{"timestamp":"2026-03-26T09:45:44.504929Z","level":"info","event":"functionality","logger":"airflow.task.hooks.airflow.providers.standard.hooks.subprocess.SubprocessHook","filename":"subprocess.py","lineno":99}
{"timestamp":"2026-03-26T09:45:44.506377Z","level":"info","event":"Found top-level arguments to test `relationships` defined on 'bronze_bookings'","logger":"airflow.task.hooks.airflow.providers.standard.hooks.subprocess.SubprocessHook","filename":"subprocess.py","lineno":99}
{"timestamp":"2026-03-26T09:45:44.508326Z","level":"info","event":"in package 'endtoend_airbnb_project' (models/bronze/bronze_properties.yml).","logger":"airflow.task.hooks.airflow.providers.standard.hooks.subprocess.SubprocessHook","filename":"subprocess.py","lineno":99}
{"timestamp":"2026-03-26T09:45:44.509125Z","level":"info","event":"Arguments to generic tests should be nested under the `arguments` property.","logger":"airflow.task.hooks.airflow.providers.standard.hooks.subprocess.SubprocessHook","filename":"subprocess.py","lineno":99}
{"timestamp":"2026-03-26T09:45:50.292393Z","level":"info","event":"\u001b[0m09:45:50  Found 11 models, 13 data tests, 3 snapshots, 3 sources, 639 macros","logger":"airflow.task.hooks.airflow.providers.standard.hooks.subprocess.SubprocessHook","filename":"subprocess.py","lineno":99}
{"timestamp":"2026-03-26T09:45:50.333615Z","level":"info","event":"\u001b[0m09:45:50","logger":"airflow.task.hooks.airflow.providers.standard.hooks.subprocess.SubprocessHook","filename":"subprocess.py","lineno":99}
{"timestamp":"2026-03-26T09:45:50.355897Z","level":"info","event":"\u001b[0m09:45:50  Concurrency: 1 threads (target='dev')","logger":"airflow.task.hooks.airflow.providers.standard.hooks.subprocess.SubprocessHook","filename":"subprocess.py","lineno":99}
{"timestamp":"2026-03-26T09:45:50.370663Z","level":"info","event":"\u001b[0m09:45:50","logger":"airflow.task.hooks.airflow.providers.standard.hooks.subprocess.SubprocessHook","filename":"subprocess.py","lineno":99}
{"timestamp":"2026-03-26T09:46:06.375086Z","level":"info","event":"\u001b[0m09:46:06  1 of 8 START sql incremental model bronze.bronze_bookings ...................... [RUN]","logger":"airflow.task.hooks.airflow.providers.standard.hooks.subprocess.SubprocessHook","filename":"subprocess.py","lineno":99}
{"timestamp":"2026-03-26T09:46:11.304424Z","level":"info","event":"\u001b[0m09:46:11  1 of 8 OK created sql incremental model bronze.bronze_bookings ................. [\u001b[32mSUCCESS 5000\u001b[0m in 4.91s]","logger":"airflow.task.hooks.airflow.providers.standard.hooks.subprocess.SubprocessHook","filename":"subprocess.py","lineno":99}
{"timestamp":"2026-03-26T09:46:11.311882Z","level":"info","event":"\u001b[0m09:46:11  2 of 8 START sql incremental model bronze.bronze_hosts ......................... [RUN]","logger":"airflow.task.hooks.airflow.providers.standard.hooks.subprocess.SubprocessHook","filename":"subprocess.py","lineno":99}
{"timestamp":"2026-03-26T09:46:13.763873Z","level":"info","event":"\u001b[0m09:46:13  2 of 8 OK created sql incremental model bronze.bronze_hosts .................... [\u001b[32mSUCCESS 200\u001b[0m in 2.45s]","logger":"airflow.task.hooks.airflow.providers.standard.hooks.subprocess.SubprocessHook","filename":"subprocess.py","lineno":99}
{"timestamp":"2026-03-26T09:46:13.767432Z","level":"info","event":"\u001b[0m09:46:13  3 of 8 START sql incremental model bronze.bronze_listings ...................... [RUN]","logger":"airflow.task.hooks.airflow.providers.standard.hooks.subprocess.SubprocessHook","filename":"subprocess.py","lineno":99}
{"timestamp":"2026-03-26T09:46:18.011935Z","level":"info","event":"\u001b[0m09:46:18  3 of 8 OK created sql incremental model bronze.bronze_listings ................. [\u001b[32mSUCCESS 500\u001b[0m in 4.24s]","logger":"airflow.task.hooks.airflow.providers.standard.hooks.subprocess.SubprocessHook","filename":"subprocess.py","lineno":99}
{"timestamp":"2026-03-26T09:46:18.017211Z","level":"info","event":"\u001b[0m09:46:18  4 of 8 START sql incremental model silver.silver_bookings ...................... [RUN]","logger":"airflow.task.hooks.airflow.providers.standard.hooks.subprocess.SubprocessHook","filename":"subprocess.py","lineno":99}
{"timestamp":"2026-03-26T09:46:17.213670Z","level":"info","event":"\u001b[0m09:46:17  4 of 8 OK created sql incremental model silver.silver_bookings ................. [\u001b[32mSUCCESS 5000\u001b[0m in -0.82s]","logger":"airflow.task.hooks.airflow.providers.standard.hooks.subprocess.SubprocessHook","filename":"subprocess.py","lineno":99}
{"timestamp":"2026-03-26T09:46:17.223695Z","level":"info","event":"\u001b[0m09:46:17  5 of 8 START sql incremental model silver.silver_hosts ......................... [RUN]","logger":"airflow.task.hooks.airflow.providers.standard.hooks.subprocess.SubprocessHook","filename":"subprocess.py","lineno":99}
{"timestamp":"2026-03-26T09:46:19.648587Z","level":"info","event":"\u001b[0m09:46:19  5 of 8 OK created sql incremental model silver.silver_hosts .................... [\u001b[32mSUCCESS 200\u001b[0m in 2.42s]","logger":"airflow.task.hooks.airflow.providers.standard.hooks.subprocess.SubprocessHook","filename":"subprocess.py","lineno":99}
{"timestamp":"2026-03-26T09:46:19.655995Z","level":"info","event":"\u001b[0m09:46:19  6 of 8 START sql incremental model silver.silver_listings ...................... [RUN]","logger":"airflow.task.hooks.airflow.providers.standard.hooks.subprocess.SubprocessHook","filename":"subprocess.py","lineno":99}
{"timestamp":"2026-03-26T09:46:22.432505Z","level":"info","event":"\u001b[0m09:46:22  6 of 8 OK created sql incremental model silver.silver_listings ................. [\u001b[32mSUCCESS 500\u001b[0m in 2.74s]","logger":"airflow.task.hooks.airflow.providers.standard.hooks.subprocess.SubprocessHook","filename":"subprocess.py","lineno":99}
{"timestamp":"2026-03-26T09:46:22.555762Z","level":"info","event":"\u001b[0m09:46:22  7 of 8 START sql table model gold.obt .......................................... [RUN]","logger":"airflow.task.hooks.airflow.providers.standard.hooks.subprocess.SubprocessHook","filename":"subprocess.py","lineno":99}
{"timestamp":"2026-03-26T09:46:24.454829Z","level":"info","event":"\u001b[0m09:46:24  7 of 8 OK created sql table model gold.obt ..................................... [\u001b[32mSUCCESS 5000\u001b[0m in 1.86s]","logger":"airflow.task.hooks.airflow.providers.standard.hooks.subprocess.SubprocessHook","filename":"subprocess.py","lineno":99}
{"timestamp":"2026-03-26T09:46:24.766687Z","level":"info","event":"\u001b[0m09:46:24  8 of 8 START sql table model gold.fact ......................................... [RUN]","logger":"airflow.task.hooks.airflow.providers.standard.hooks.subprocess.SubprocessHook","filename":"subprocess.py","lineno":99}
{"timestamp":"2026-03-26T09:46:26.236606Z","level":"info","event":"\u001b[0m09:46:26  8 of 8 OK created sql table model gold.fact .................................... [\u001b[32mSUCCESS 5000\u001b[0m in 1.46s]","logger":"airflow.task.hooks.airflow.providers.standard.hooks.subprocess.SubprocessHook","filename":"subprocess.py","lineno":99}
{"timestamp":"2026-03-26T09:46:26.646187Z","level":"info","event":"\u001b[0m09:46:26","logger":"airflow.task.hooks.airflow.providers.standard.hooks.subprocess.SubprocessHook","filename":"subprocess.py","lineno":99}
{"timestamp":"2026-03-26T09:46:26.648586Z","level":"info","event":"\u001b[0m09:46:26  Finished running 6 incremental models, 2 table models in 0 hours 0 minutes and 36.24 seconds (36.24s).","logger":"airflow.task.hooks.airflow.providers.standard.hooks.subprocess.SubprocessHook","filename":"subprocess.py","lineno":99}
{"timestamp":"2026-03-26T09:46:27.133886Z","level":"info","event":"\u001b[0m09:46:27","logger":"airflow.task.hooks.airflow.providers.standard.hooks.subprocess.SubprocessHook","filename":"subprocess.py","lineno":99}
{"timestamp":"2026-03-26T09:46:27.136650Z","level":"info","event":"\u001b[0m09:46:27  \u001b[32mCompleted successfully\u001b[0m","logger":"airflow.task.hooks.airflow.providers.standard.hooks.subprocess.SubprocessHook","filename":"subprocess.py","lineno":99}
{"timestamp":"2026-03-26T09:46:27.142340Z","level":"info","event":"\u001b[0m09:46:27","logger":"airflow.task.hooks.airflow.providers.standard.hooks.subprocess.SubprocessHook","filename":"subprocess.py","lineno":99}
{"timestamp":"2026-03-26T09:46:27.146814Z","level":"info","event":"\u001b[0m09:46:27  Done. PASS=8 WARN=0 ERROR=0 SKIP=0 NO-OP=0 TOTAL=8","logger":"airflow.task.hooks.airflow.providers.standard.hooks.subprocess.SubprocessHook","filename":"subprocess.py","lineno":99}
{"timestamp":"2026-03-26T09:46:27.161132Z","level":"info","event":"\u001b[0m09:46:27  [\u001b[33mWARNING\u001b[0m][DeprecationsSummary]: Deprecated functionality","logger":"airflow.task.hooks.airflow.providers.standard.hooks.subprocess.SubprocessHook","filename":"subprocess.py","lineno":99}
{"timestamp":"2026-03-26T09:46:27.161944Z","level":"info","event":"Summary of encountered deprecations:","logger":"airflow.task.hooks.airflow.providers.standard.hooks.subprocess.SubprocessHook","filename":"subprocess.py","lineno":99}
{"timestamp":"2026-03-26T09:46:27.162081Z","level":"info","event":"- MissingArgumentsPropertyInGenericTestDeprecation: 3 occurrences","logger":"airflow.task.hooks.airflow.providers.standard.hooks.subprocess.SubprocessHook","filename":"subprocess.py","lineno":99}
{"timestamp":"2026-03-26T09:46:27.162721Z","level":"info","event":"To see all deprecation instances instead of just the first occurrence of each,","logger":"airflow.task.hooks.airflow.providers.standard.hooks.subprocess.SubprocessHook","filename":"subprocess.py","lineno":99}
{"timestamp":"2026-03-26T09:46:27.163099Z","level":"info","event":"run command again with the `--show-all-deprecations` flag. You may also need to","logger":"airflow.task.hooks.airflow.providers.standard.hooks.subprocess.SubprocessHook","filename":"subprocess.py","lineno":99}
{"timestamp":"2026-03-26T09:46:27.163221Z","level":"info","event":"run with `--no-partial-parse` as some deprecations are only encountered during","logger":"airflow.task.hooks.airflow.providers.standard.hooks.subprocess.SubprocessHook","filename":"subprocess.py","lineno":99}
{"timestamp":"2026-03-26T09:46:27.163280Z","level":"info","event":"parsing.","logger":"airflow.task.hooks.airflow.providers.standard.hooks.subprocess.SubprocessHook","filename":"subprocess.py","lineno":99}
{"timestamp":"2026-03-26T09:46:38.703989Z","level":"info","event":"Command exited with return code 0","logger":"airflow.task.hooks.airflow.providers.standard.hooks.subprocess.SubprocessHook","filename":"subprocess.py","lineno":103}
{"timestamp":"2026-03-26T09:46:39.080577Z","level":"info","event":"Pushing xcom","ti":"RuntimeTaskInstance(id=UUID('019d2987-8ef0-7b1b-9397-92288789e8da'), task_id='dbt_run_task', dag_id='airbnb_dbt_pipeline', run_id='scheduled__2026-03-26T00:00:00+00:00', try_number=1, dag_version_id=UUID('019d0c82-6d39-722f-908f-86fe4712c1d7'), map_index=-1, hostname='20705fbeb43f', context_carrier={}, task=<Task(_BashDecoratedOperator): dbt_run_task>, bundle_instance=LocalDagBundle(name=dags-folder), max_tries=0, start_date=datetime.datetime(2026, 3, 26, 9, 44, 55, 135290, tzinfo=datetime.timezone.utc), end_date=None, state=<TaskInstanceState.RUNNING: 'running'>, is_mapped=False, rendered_map_index=None)","logger":"task","filename":"task_runner.py","lineno":1522}
